<?xml version="1.0" encoding="UTF-8"?>
<!-- Generated by org.testng.reporters.JUnitXMLReporter -->
<testsuite ignored="0" hostname="INDELNB1456" failures="3" tests="5" name="Test" time="39.224" errors="0" timestamp="2024-08-08T19:07:08 IST">
  <testcase classname="com.inetbanking.testCases.TestCase002_loginDD" name="loginMe" time="6.752"/>
  <testcase classname="com.inetbanking.testCases.TestCase002_loginDD" name="loginMe" time="5.651">
    <failure type="junit.framework.AssertionFailedError">
      <![CDATA[junit.framework.AssertionFailedError
at junit.framework.Assert.fail(Assert.java:47)
at junit.framework.Assert.assertTrue(Assert.java:20)
at junit.framework.Assert.assertFalse(Assert.java:34)
at junit.framework.Assert.assertFalse(Assert.java:41)
at com.inetbanking.testCases.TestCase002_loginDD.loginMe(TestCase002_loginDD.java:26)
at java.base/java.util.ArrayList.forEach(ArrayList.java:1511)
... Removed 27 stack frames]]>
    </failure>
  </testcase> <!-- loginMe -->
  <testcase classname="com.inetbanking.testCases.TestCase002_loginDD" name="loginMe" time="3.915">
    <failure type="junit.framework.AssertionFailedError">
      <![CDATA[junit.framework.AssertionFailedError
at junit.framework.Assert.fail(Assert.java:47)
at junit.framework.Assert.assertTrue(Assert.java:20)
at junit.framework.Assert.assertFalse(Assert.java:34)
at junit.framework.Assert.assertFalse(Assert.java:41)
at com.inetbanking.testCases.TestCase002_loginDD.loginMe(TestCase002_loginDD.java:26)
at java.base/java.util.ArrayList.forEach(ArrayList.java:1511)
... Removed 27 stack frames]]>
    </failure>
  </testcase> <!-- loginMe -->
  <testcase classname="com.inetbanking.testCases.TestCase002_loginDD" name="loginMe" time="3.112">
    <failure type="junit.framework.AssertionFailedError">
      <![CDATA[junit.framework.AssertionFailedError
at junit.framework.Assert.fail(Assert.java:47)
at junit.framework.Assert.assertTrue(Assert.java:20)
at junit.framework.Assert.assertFalse(Assert.java:34)
at junit.framework.Assert.assertFalse(Assert.java:41)
at com.inetbanking.testCases.TestCase002_loginDD.loginMe(TestCase002_loginDD.java:26)
at java.base/java.util.ArrayList.forEach(ArrayList.java:1511)
... Removed 27 stack frames]]>
    </failure>
  </testcase> <!-- loginMe -->
  <testcase classname="com.inetbanking.testCases.TestCase002_loginDD" name="loginMe" time="6.214"/>
</testsuite> <!-- Test -->
